INFO	2022-04-04 16:41:32,970	0	lg4j.Pom	[main]	Chromedriver is started
INFO	2022-04-04 16:41:35,764	2794	lg4j.Pom	[main]	Application is launched
INFO	2022-04-04 16:41:38,694	5724	lg4j.Pom	[main]	Product is searched
INFO	2022-04-04 16:41:45,348	12378	lg4j.Pom	[main]	Firefox is started
INFO	2022-04-04 16:41:50,638	17668	lg4j.Pom	[main]	Application is launched
INFO	2022-04-04 16:41:52,941	19971	lg4j.Pom	[main]	Product is searched
INFO	2022-04-04 17:50:33,518	1	fnp.Pom	[main]	Chromedriver is started
INFO	2022-04-04 17:50:40,648	7131	fnp.Pom	[main]	Application is launched
INFO	2022-04-04 17:51:19,788	46271	fnp.Pom	[main]	Firefox is started
INFO	2022-04-04 17:51:32,749	59232	fnp.Pom	[main]	Application is launched
INFO	2022-04-04 19:04:51,292	0	fnp.Pom	[main]	Chromedriver is started
INFO	2022-04-04 19:05:02,191	10899	fnp.Pom	[main]	Application is launched
INFO	2022-04-04 19:05:54,206	62914	fnp.Pom	[main]	Firefox is started
INFO	2022-04-04 19:06:13,120	81828	fnp.Pom	[main]	Application is launched
INFO	2022-04-04 19:08:56,096	0	fnp.Pom	[main]	Chromedriver is started
INFO	2022-04-04 19:09:01,776	5680	fnp.Pom	[main]	Application is launched
INFO	2022-04-04 19:09:31,027	34931	fnp.Pom	[main]	Firefox is started
INFO	2022-04-04 19:09:45,039	48943	fnp.Pom	[main]	Application is launched
INFO	2022-05-09 10:21:32,764	0	lg4j.Pom	[main]	Chromedriver is started
INFO	2022-05-09 10:21:35,819	3055	lg4j.Pom	[main]	Application is launched
INFO	2022-05-09 10:21:38,966	6202	lg4j.Pom	[main]	Product is searched
INFO	2022-05-09 10:22:24,246	51482	lg4j.Pom	[main]	Firefox is started
INFO	2022-05-09 10:22:38,178	65414	lg4j.Pom	[main]	Application is launched
INFO	2022-05-09 10:22:52,665	79901	lg4j.Pom	[main]	Product is searched
INFO	2022-05-26 12:52:58,205	0	lg4j.Pom	[main]	Chromedriver is started
INFO	2022-05-26 12:53:04,159	5954	lg4j.Pom	[main]	Application is launched
INFO	2022-05-26 12:53:07,771	9566	lg4j.Pom	[main]	Product is searched
INFO	2022-05-26 12:53:34,992	36787	lg4j.Pom	[main]	Firefox is started
INFO	2022-05-26 12:53:45,466	47261	lg4j.Pom	[main]	Application is launched
INFO	2022-05-26 12:54:07,337	69132	lg4j.Pom	[main]	Product is searched
